[2025-08-24 22:35:25,955] 프로그램 시작
[2025-08-24 22:35:26,070] FTP 파일 다운로드 성공(DAESUNG_NEW_VERSION.ini)
[2025-08-24 22:35:26,161] FTP 파일 다운로드 성공(DAESUNG_MES_S.txt)
[2025-08-24 22:35:26,237] FTP 파일 다운로드 성공(DAESUNG_MES_S(S).txt)
[2025-08-24 22:35:26,313] FTP 파일 다운로드 성공(DAESUNG_MES_C.txt)
[2025-08-24 22:35:26,404] FTP 파일 다운로드 성공(DAESUNG_MES_C(S).txt)
[2025-08-24 22:35:26,480] FTP 파일 다운로드 성공(DAESUNG_MES_Z.txt)
[2025-08-24 22:35:26,555] FTP 파일 다운로드 성공(DAESUNG_MES_Z(300).txt)
[2025-08-24 22:35:26,631] FTP 파일 다운로드 성공(DAESUNG_MES_Z(S).txt)
[2025-08-24 22:35:26,707] FTP 파일 다운로드 성공(DAESUNG_MES_M.txt)
[2025-08-24 22:35:26,783] FTP 파일 다운로드 성공(DAESUNG_MES_F.txt)
[2025-08-24 22:35:35,519] saveLoginData : 데이터 저장 성공
[2025-08-24 22:35:53,837] 프로그램 시작
[2025-08-24 22:35:53,928] FTP 파일 다운로드 성공(DAESUNG_NEW_VERSION.ini)
[2025-08-24 22:35:54,018] FTP 파일 다운로드 성공(DAESUNG_MES_S.txt)
[2025-08-24 22:35:54,093] FTP 파일 다운로드 성공(DAESUNG_MES_S(S).txt)
[2025-08-24 22:35:54,169] FTP 파일 다운로드 성공(DAESUNG_MES_C.txt)
[2025-08-24 22:35:54,245] FTP 파일 다운로드 성공(DAESUNG_MES_C(S).txt)
[2025-08-24 22:35:54,321] FTP 파일 다운로드 성공(DAESUNG_MES_Z.txt)
[2025-08-24 22:35:54,396] FTP 파일 다운로드 성공(DAESUNG_MES_Z(300).txt)
[2025-08-24 22:35:54,471] FTP 파일 다운로드 성공(DAESUNG_MES_Z(S).txt)
[2025-08-24 22:35:54,547] FTP 파일 다운로드 성공(DAESUNG_MES_M.txt)
[2025-08-24 22:35:54,623] FTP 파일 다운로드 성공(DAESUNG_MES_F.txt)
[2025-08-24 22:35:56,080] saveLoginData : 데이터 저장 성공
[2025-08-24 22:37:47,927] closeDB : DB(cursor_item) 연결해제 성공
[2025-08-24 22:37:47,927] closeDB : DB 연결해제 성공
[2025-08-24 22:50:35,957] 프로그램 시작
[2025-08-24 22:50:36,058] FTP 파일 다운로드 성공(DAESUNG_NEW_VERSION.ini)
[2025-08-24 22:50:36,135] FTP 파일 다운로드 성공(DAESUNG_MES_S.txt)
[2025-08-24 22:50:36,210] FTP 파일 다운로드 성공(DAESUNG_MES_S(S).txt)
[2025-08-24 22:50:36,286] FTP 파일 다운로드 성공(DAESUNG_MES_C.txt)
[2025-08-24 22:50:36,361] FTP 파일 다운로드 성공(DAESUNG_MES_C(S).txt)
[2025-08-24 22:50:36,439] FTP 파일 다운로드 성공(DAESUNG_MES_Z.txt)
[2025-08-24 22:50:36,516] FTP 파일 다운로드 성공(DAESUNG_MES_Z(300).txt)
[2025-08-24 22:50:36,591] FTP 파일 다운로드 성공(DAESUNG_MES_Z(S).txt)
[2025-08-24 22:50:36,681] FTP 파일 다운로드 성공(DAESUNG_MES_M.txt)
[2025-08-24 22:50:36,756] FTP 파일 다운로드 성공(DAESUNG_MES_F.txt)
[2025-08-24 22:51:35,636] saveLoginData : 데이터 저장 성공
[2025-08-24 22:52:23,883] 프로그램 시작
[2025-08-24 22:52:23,976] FTP 파일 다운로드 성공(DAESUNG_NEW_VERSION.ini)
[2025-08-24 22:52:24,080] FTP 파일 다운로드 성공(DAESUNG_MES_S.txt)
[2025-08-24 22:52:24,156] FTP 파일 다운로드 성공(DAESUNG_MES_S(S).txt)
[2025-08-24 22:52:24,231] FTP 파일 다운로드 성공(DAESUNG_MES_C.txt)
[2025-08-24 22:52:24,307] FTP 파일 다운로드 성공(DAESUNG_MES_C(S).txt)
[2025-08-24 22:52:24,384] FTP 파일 다운로드 성공(DAESUNG_MES_Z.txt)
[2025-08-24 22:52:24,459] FTP 파일 다운로드 성공(DAESUNG_MES_Z(300).txt)
[2025-08-24 22:52:24,536] FTP 파일 다운로드 성공(DAESUNG_MES_Z(S).txt)
[2025-08-24 22:52:24,626] FTP 파일 다운로드 성공(DAESUNG_MES_M.txt)
[2025-08-24 22:52:24,701] FTP 파일 다운로드 성공(DAESUNG_MES_F.txt)
[2025-08-24 22:52:26,917] saveLoginData : 데이터 저장 성공
[2025-08-24 22:52:34,558] closeDB : DB(cursor_item) 연결해제 성공
[2025-08-24 22:52:34,558] closeDB : DB 연결해제 성공
[2025-08-24 22:53:18,435] 프로그램 시작
[2025-08-24 22:53:18,533] FTP 파일 다운로드 성공(DAESUNG_NEW_VERSION.ini)
[2025-08-24 22:53:18,618] FTP 파일 다운로드 성공(DAESUNG_MES_S.txt)
[2025-08-24 22:53:18,694] FTP 파일 다운로드 성공(DAESUNG_MES_S(S).txt)
[2025-08-24 22:53:18,769] FTP 파일 다운로드 성공(DAESUNG_MES_C.txt)
[2025-08-24 22:53:18,847] FTP 파일 다운로드 성공(DAESUNG_MES_C(S).txt)
[2025-08-24 22:53:18,923] FTP 파일 다운로드 성공(DAESUNG_MES_Z.txt)
[2025-08-24 22:53:18,998] FTP 파일 다운로드 성공(DAESUNG_MES_Z(300).txt)
[2025-08-24 22:53:19,073] FTP 파일 다운로드 성공(DAESUNG_MES_Z(S).txt)
[2025-08-24 22:53:19,150] FTP 파일 다운로드 성공(DAESUNG_MES_M.txt)
[2025-08-24 22:53:19,239] FTP 파일 다운로드 성공(DAESUNG_MES_F.txt)
[2025-08-24 22:53:20,778] saveLoginData : 데이터 저장 성공
[2025-08-24 22:53:39,922] closeDB : DB(cursor_item) 연결해제 성공
[2025-08-24 22:53:39,922] closeDB : DB 연결해제 성공
[2025-08-24 22:54:35,501] 프로그램 시작
[2025-08-24 22:54:35,608] FTP 파일 다운로드 성공(DAESUNG_NEW_VERSION.ini)
[2025-08-24 22:54:35,683] FTP 파일 다운로드 성공(DAESUNG_MES_S.txt)
[2025-08-24 22:54:35,758] FTP 파일 다운로드 성공(DAESUNG_MES_S(S).txt)
[2025-08-24 22:54:35,834] FTP 파일 다운로드 성공(DAESUNG_MES_C.txt)
[2025-08-24 22:54:35,912] FTP 파일 다운로드 성공(DAESUNG_MES_C(S).txt)
[2025-08-24 22:54:35,986] FTP 파일 다운로드 성공(DAESUNG_MES_Z.txt)
[2025-08-24 22:54:36,063] FTP 파일 다운로드 성공(DAESUNG_MES_Z(300).txt)
[2025-08-24 22:54:36,138] FTP 파일 다운로드 성공(DAESUNG_MES_Z(S).txt)
[2025-08-24 22:54:36,213] FTP 파일 다운로드 성공(DAESUNG_MES_M.txt)
[2025-08-24 22:54:36,288] FTP 파일 다운로드 성공(DAESUNG_MES_F.txt)
[2025-08-24 22:54:37,406] saveLoginData : 데이터 저장 성공
[2025-08-24 22:54:38,613] closeDB : DB(cursor_item) 연결해제 성공
[2025-08-24 22:54:38,613] closeDB : DB 연결해제 성공
[2025-08-24 22:55:20,629] 프로그램 시작
[2025-08-24 22:55:20,720] FTP 파일 다운로드 성공(DAESUNG_NEW_VERSION.ini)
[2025-08-24 22:55:20,810] FTP 파일 다운로드 성공(DAESUNG_MES_S.txt)
[2025-08-24 22:55:20,900] FTP 파일 다운로드 성공(DAESUNG_MES_S(S).txt)
[2025-08-24 22:55:20,977] FTP 파일 다운로드 성공(DAESUNG_MES_C.txt)
[2025-08-24 22:55:21,052] FTP 파일 다운로드 성공(DAESUNG_MES_C(S).txt)
[2025-08-24 22:55:21,127] FTP 파일 다운로드 성공(DAESUNG_MES_Z.txt)
[2025-08-24 22:55:21,218] FTP 파일 다운로드 성공(DAESUNG_MES_Z(300).txt)
[2025-08-24 22:55:21,295] FTP 파일 다운로드 성공(DAESUNG_MES_Z(S).txt)
[2025-08-24 22:55:21,386] FTP 파일 다운로드 성공(DAESUNG_MES_M.txt)
[2025-08-24 22:55:21,476] FTP 파일 다운로드 성공(DAESUNG_MES_F.txt)
[2025-08-24 22:55:22,749] saveLoginData : 데이터 저장 성공
[2025-08-24 22:55:51,511] closeDB : DB(cursor_item) 연결해제 성공
[2025-08-24 22:55:51,511] closeDB : DB 연결해제 성공
[2025-08-24 23:02:11,841] 프로그램 시작
[2025-08-24 23:02:11,929] FTP 파일 다운로드 성공(DAESUNG_NEW_VERSION.ini)
[2025-08-24 23:02:12,005] FTP 파일 다운로드 성공(DAESUNG_MES_S.txt)
[2025-08-24 23:02:12,081] FTP 파일 다운로드 성공(DAESUNG_MES_S(S).txt)
[2025-08-24 23:02:12,158] FTP 파일 다운로드 성공(DAESUNG_MES_C.txt)
[2025-08-24 23:02:12,231] FTP 파일 다운로드 성공(DAESUNG_MES_C(S).txt)
[2025-08-24 23:02:12,306] FTP 파일 다운로드 성공(DAESUNG_MES_Z.txt)
[2025-08-24 23:02:12,380] FTP 파일 다운로드 성공(DAESUNG_MES_Z(300).txt)
[2025-08-24 23:02:12,457] FTP 파일 다운로드 성공(DAESUNG_MES_Z(S).txt)
[2025-08-24 23:02:12,535] FTP 파일 다운로드 성공(DAESUNG_MES_M.txt)
[2025-08-24 23:02:12,612] FTP 파일 다운로드 성공(DAESUNG_MES_F.txt)
[2025-08-24 23:02:13,904] saveLoginData : 데이터 저장 성공
[2025-08-24 23:03:03,669] closeDB : DB(cursor_item) 연결해제 성공
[2025-08-24 23:03:03,669] closeDB : DB 연결해제 성공
