[2025-08-07 16:11:21,131] 프로그램 시작
[2025-08-07 16:11:21,231] FTP 파일 다운로드 성공(DAESUNG_NEW_VERSION.ini)
[2025-08-07 16:11:21,322] FTP 파일 다운로드 성공(DAESUNG_MES_S.txt)
[2025-08-07 16:11:21,398] FTP 파일 다운로드 성공(DAESUNG_MES_S(S).txt)
[2025-08-07 16:11:21,474] FTP 파일 다운로드 성공(DAESUNG_MES_C.txt)
[2025-08-07 16:11:21,550] FTP 파일 다운로드 성공(DAESUNG_MES_C(S).txt)
[2025-08-07 16:11:21,628] FTP 파일 다운로드 성공(DAESUNG_MES_Z.txt)
[2025-08-07 16:11:21,707] FTP 파일 다운로드 성공(DAESUNG_MES_Z(300).txt)
[2025-08-07 16:11:21,798] FTP 파일 다운로드 성공(DAESUNG_MES_Z(S).txt)
[2025-08-07 16:11:21,889] FTP 파일 다운로드 성공(DAESUNG_MES_M.txt)
[2025-08-07 16:11:21,965] FTP 파일 다운로드 성공(DAESUNG_MES_F.txt)
[2025-08-07 16:11:23,905] saveLoginData : 데이터 저장 성공
[2025-08-07 16:11:38,056] saveLoginData : 데이터 저장 성공
[2025-08-07 16:11:40,260] closeDB : DB(cursor_item) 연결해제 성공
[2025-08-07 16:11:40,260] closeDB : DB 연결해제 성공
[2025-08-07 16:34:43,884] 프로그램 시작
[2025-08-07 16:34:43,977] FTP 파일 다운로드 성공(DAESUNG_NEW_VERSION.ini)
[2025-08-07 16:34:50,090] saveLoginData : 데이터 저장 성공
[2025-08-07 16:34:50,666] connectPrinter : 프린트(192.168.50.5:9100) 연결 실패
[2025-08-07 16:34:50,666] connectLight : 경광등(COM4) 비활성
[2025-08-07 16:35:33,434] 프로그램 시작
[2025-08-07 16:35:33,534] FTP 파일 다운로드 성공(DAESUNG_NEW_VERSION.ini)
[2025-08-07 16:35:36,027] saveLoginData : 데이터 저장 성공
[2025-08-07 16:35:36,600] connectPrinter : 프린트(192.168.50.5:9100) 연결 실패
[2025-08-07 16:35:36,600] connectLight : 경광등(COM4) 비활성
[2025-08-07 16:51:49,942] 프로그램 시작
[2025-08-07 16:51:50,045] FTP 파일 다운로드 성공(DAESUNG_NEW_VERSION.ini)
[2025-08-07 16:51:53,114] saveLoginData : 데이터 저장 성공
[2025-08-07 16:51:53,694] connectPrinter : 프린트(192.168.50.5:9100) 연결 실패
[2025-08-07 16:51:53,694] connectLight : 경광등(COM4) 비활성
[2025-08-07 17:13:37,962] 프로그램 시작
[2025-08-07 17:13:38,063] FTP 파일 다운로드 성공(DAESUNG_NEW_VERSION.ini)
[2025-08-07 17:13:40,701] saveLoginData : 데이터 저장 성공
[2025-08-07 17:13:41,279] connectPrinter : 프린트(192.168.50.5:9100) 연결 실패
[2025-08-07 17:13:41,279] connectLight : 경광등(COM4) 비활성
[2025-08-07 17:13:54,800] saveLoginData : 데이터 저장 성공
[2025-08-07 17:13:55,397] connectPrinter : 프린트(192.168.50.5:9100) 연결 실패
[2025-08-07 17:13:55,397] connectLight : 경광등(COM4) 비활성
[2025-08-07 17:19:25,686] 프로그램 시작
[2025-08-07 17:19:25,778] FTP 파일 다운로드 성공(DAESUNG_NEW_VERSION.ini)
[2025-08-07 17:19:28,317] saveLoginData : 데이터 저장 성공
[2025-08-07 17:19:28,898] connectPrinter : 프린트(192.168.50.5:9100) 연결 실패
[2025-08-07 17:19:28,898] connectLight : 경광등(COM4) 비활성
[2025-08-07 17:20:03,807] closeDB : DB(cursor_item) 연결해제 성공
[2025-08-07 17:20:03,807] closeDB : DB 연결해제 성공
[2025-08-07 17:23:14,065] 프로그램 시작
[2025-08-07 17:23:14,168] FTP 파일 다운로드 성공(DAESUNG_NEW_VERSION.ini)
[2025-08-07 17:23:17,174] saveLoginData : 데이터 저장 성공
[2025-08-07 17:23:17,759] connectPrinter : 프린트(192.168.50.5:9100) 연결 실패
[2025-08-07 17:23:17,759] connectLight : 경광등(COM4) 비활성
[2025-08-07 17:23:21,853] closeDB : DB(cursor_item) 연결해제 성공
[2025-08-07 17:23:21,853] closeDB : DB 연결해제 성공
[2025-08-07 17:24:01,113] 프로그램 시작
[2025-08-07 17:24:01,208] FTP 파일 다운로드 성공(DAESUNG_NEW_VERSION.ini)
[2025-08-07 17:24:04,284] saveLoginData : 데이터 저장 성공
[2025-08-07 17:24:04,871] connectPrinter : 프린트(192.168.50.5:9100) 연결 실패
[2025-08-07 17:24:04,871] connectLight : 경광등(COM4) 비활성
[2025-08-07 17:24:05,795] connectPrinter : 프린트(192.168.50.5:9100) 연결 실패
[2025-08-07 17:24:42,363] closeDB : DB(cursor_item) 연결해제 성공
[2025-08-07 17:24:42,363] closeDB : DB 연결해제 성공
[2025-08-07 22:46:34,016] 프로그램 시작
[2025-08-07 22:46:34,103] FTP 파일 다운로드 성공(DAESUNG_NEW_VERSION.ini)
[2025-08-07 22:46:48,203] closeDB : DB(cursor_item) 연결해제 성공
[2025-08-07 22:46:48,203] closeDB : DB 연결해제 성공
