[2025-08-06 10:24:52,422] 프로그램 시작
[2025-08-06 10:24:52,521] FTP 파일 다운로드 성공(DAESUNG_NEW_VERSION.ini)
[2025-08-06 10:24:52,596] FTP 파일 다운로드 성공(DAESUNG_MES_S.txt)
[2025-08-06 10:24:52,673] FTP 파일 다운로드 성공(DAESUNG_MES_S(S).txt)
[2025-08-06 10:24:52,748] FTP 파일 다운로드 성공(DAESUNG_MES_C.txt)
[2025-08-06 10:24:52,825] FTP 파일 다운로드 성공(DAESUNG_MES_C(S).txt)
[2025-08-06 10:24:52,901] FTP 파일 다운로드 성공(DAESUNG_MES_Z.txt)
[2025-08-06 10:24:52,978] FTP 파일 다운로드 성공(DAESUNG_MES_Z(300).txt)
[2025-08-06 10:24:53,053] FTP 파일 다운로드 성공(DAESUNG_MES_Z(S).txt)
[2025-08-06 10:24:53,128] FTP 파일 다운로드 성공(DAESUNG_MES_M.txt)
[2025-08-06 10:25:14,203] 업데이트 서버 연결 실패
[2025-08-06 10:25:21,796] 프로그램 시작
[2025-08-06 10:25:21,894] FTP 파일 다운로드 성공(DAESUNG_NEW_VERSION.ini)
[2025-08-06 10:25:21,970] FTP 파일 다운로드 성공(DAESUNG_MES_S.txt)
[2025-08-06 10:25:22,046] FTP 파일 다운로드 성공(DAESUNG_MES_S(S).txt)
[2025-08-06 10:25:22,124] FTP 파일 다운로드 성공(DAESUNG_MES_C.txt)
[2025-08-06 10:25:22,199] FTP 파일 다운로드 성공(DAESUNG_MES_C(S).txt)
[2025-08-06 10:25:22,276] FTP 파일 다운로드 성공(DAESUNG_MES_Z.txt)
[2025-08-06 10:25:22,355] FTP 파일 다운로드 성공(DAESUNG_MES_Z(300).txt)
[2025-08-06 10:25:22,443] FTP 파일 다운로드 성공(DAESUNG_MES_Z(S).txt)
[2025-08-06 10:25:22,520] FTP 파일 다운로드 성공(DAESUNG_MES_M.txt)
[2025-08-06 10:25:22,596] FTP 파일 다운로드 성공(DAESUNG_MES_F.txt)
[2025-08-06 10:25:28,591] saveLoginData : 데이터 저장 성공
[2025-08-06 10:25:29,168] connectPrinter : 프린트(192.168.50.5:9100) 연결 실패
[2025-08-06 10:25:29,168] connectLight : 경광등(COM4) 비활성
[2025-08-06 11:02:31,959] 프로그램 시작
[2025-08-06 11:02:32,054] FTP 파일 다운로드 성공(DAESUNG_NEW_VERSION.ini)
[2025-08-06 11:02:32,142] FTP 파일 다운로드 성공(DAESUNG_MES_S.txt)
[2025-08-06 11:02:32,217] FTP 파일 다운로드 성공(DAESUNG_MES_S(S).txt)
[2025-08-06 11:02:32,308] FTP 파일 다운로드 성공(DAESUNG_MES_C.txt)
[2025-08-06 11:02:32,384] FTP 파일 다운로드 성공(DAESUNG_MES_C(S).txt)
[2025-08-06 11:02:32,460] FTP 파일 다운로드 성공(DAESUNG_MES_Z.txt)
[2025-08-06 11:02:32,535] FTP 파일 다운로드 성공(DAESUNG_MES_Z(300).txt)
[2025-08-06 11:02:32,611] FTP 파일 다운로드 성공(DAESUNG_MES_Z(S).txt)
[2025-08-06 11:02:32,687] FTP 파일 다운로드 성공(DAESUNG_MES_M.txt)
[2025-08-06 11:02:32,763] FTP 파일 다운로드 성공(DAESUNG_MES_F.txt)
[2025-08-06 11:02:45,975] saveLoginData : 데이터 저장 성공
[2025-08-06 11:02:46,068] connectLight : 경광등(COM4) 비활성
[2025-08-06 11:03:19,954] saveLoginData : 데이터 저장 성공
[2025-08-06 16:35:11,283] 프로그램 시작
[2025-08-06 16:35:11,462] FTP 파일 다운로드 성공(DAESUNG_NEW_VERSION.ini)
[2025-08-06 16:35:11,538] FTP 파일 다운로드 성공(DAESUNG_MES_S.txt)
[2025-08-06 16:35:11,614] FTP 파일 다운로드 성공(DAESUNG_MES_S(S).txt)
[2025-08-06 16:35:11,691] FTP 파일 다운로드 성공(DAESUNG_MES_C.txt)
[2025-08-06 16:35:11,768] FTP 파일 다운로드 성공(DAESUNG_MES_C(S).txt)
[2025-08-06 16:35:11,844] FTP 파일 다운로드 성공(DAESUNG_MES_Z.txt)
[2025-08-06 16:35:11,919] FTP 파일 다운로드 성공(DAESUNG_MES_Z(300).txt)
[2025-08-06 16:35:11,993] FTP 파일 다운로드 성공(DAESUNG_MES_Z(S).txt)
[2025-08-06 16:35:12,069] FTP 파일 다운로드 성공(DAESUNG_MES_M.txt)
[2025-08-06 16:35:12,144] FTP 파일 다운로드 성공(DAESUNG_MES_F.txt)
[2025-08-06 16:35:14,302] saveLoginData : 데이터 저장 성공
[2025-08-06 16:35:25,757] closeDB : DB(cursor_item) 연결해제 성공
[2025-08-06 16:35:25,757] closeDB : DB 연결해제 성공
