[2025-08-22 22:17:32,045] 프로그램 시작
[2025-08-22 22:17:32,172] FTP 파일 다운로드 성공(DAESUNG_NEW_VERSION.ini)
[2025-08-22 22:17:42,764] saveLoginData : 데이터 저장 성공
[2025-08-22 22:17:43,368] connectPrinter : 프린트(192.168.50.5:9100) 연결 실패
[2025-08-22 22:17:43,368] connectLight : 경광등(COM4) 비활성
[2025-08-22 22:19:09,066] closeDB : DB(cursor_item) 연결해제 성공
[2025-08-22 22:19:09,066] closeDB : DB 연결해제 성공
[2025-08-22 22:19:17,369] 프로그램 시작
[2025-08-22 22:19:17,461] FTP 파일 다운로드 성공(DAESUNG_NEW_VERSION.ini)
[2025-08-22 22:19:21,615] saveLoginData : 데이터 저장 성공
[2025-08-22 22:19:22,197] connectPrinter : 프린트(192.168.50.5:9100) 연결 실패
[2025-08-22 22:19:22,197] connectLight : 경광등(COM4) 비활성
[2025-08-22 22:19:35,578] printLabel : selectDetailList 실패
[2025-08-22 22:20:06,571] closeDB : DB(cursor_item) 연결해제 성공
[2025-08-22 22:20:06,571] closeDB : DB 연결해제 성공
[2025-08-22 22:20:08,690] 프로그램 시작
[2025-08-22 22:20:08,774] FTP 파일 다운로드 성공(DAESUNG_NEW_VERSION.ini)
[2025-08-22 22:20:10,953] saveLoginData : 데이터 저장 성공
[2025-08-22 22:20:11,537] connectPrinter : 프린트(192.168.50.5:9100) 연결 실패
[2025-08-22 22:20:11,537] connectLight : 경광등(COM4) 비활성
[2025-08-22 22:20:20,154] printLabel : selectDetailList 실패
[2025-08-22 22:20:23,502] closeDB : DB(cursor_item) 연결해제 성공
[2025-08-22 22:20:23,502] closeDB : DB 연결해제 성공
[2025-08-22 22:20:39,494] 프로그램 시작
[2025-08-22 22:20:39,593] FTP 파일 다운로드 성공(DAESUNG_NEW_VERSION.ini)
[2025-08-22 22:20:41,618] saveLoginData : 데이터 저장 성공
[2025-08-22 22:20:42,198] connectPrinter : 프린트(192.168.50.5:9100) 연결 실패
[2025-08-22 22:20:42,198] connectLight : 경광등(COM4) 비활성
[2025-08-22 22:21:23,510] closeDB : DB(cursor_item) 연결해제 성공
[2025-08-22 22:21:23,511] closeDB : DB 연결해제 성공
[2025-08-22 22:22:35,788] 프로그램 시작
[2025-08-22 22:22:35,882] FTP 파일 다운로드 성공(DAESUNG_NEW_VERSION.ini)
[2025-08-22 22:22:38,218] saveLoginData : 데이터 저장 성공
[2025-08-22 22:22:38,797] connectPrinter : 프린트(192.168.50.5:9100) 연결 실패
[2025-08-22 22:22:38,797] connectLight : 경광등(COM4) 비활성
[2025-08-22 22:22:42,206] printLabel : select 실패
[2025-08-22 22:23:34,381] printLabel : select 실패
[2025-08-22 22:23:47,018] closeDB : DB(cursor_item) 연결해제 성공
[2025-08-22 22:23:47,018] closeDB : DB 연결해제 성공
[2025-08-22 22:23:49,207] 프로그램 시작
[2025-08-22 22:23:49,307] FTP 파일 다운로드 성공(DAESUNG_NEW_VERSION.ini)
[2025-08-22 22:23:52,398] saveLoginData : 데이터 저장 성공
[2025-08-22 22:23:53,000] connectPrinter : 프린트(192.168.50.5:9100) 연결 실패
[2025-08-22 22:23:53,000] connectLight : 경광등(COM4) 비활성
[2025-08-22 22:23:58,152] printLabel : select 실패
[2025-08-22 22:24:25,346] closeDB : DB(cursor_item) 연결해제 성공
[2025-08-22 22:24:25,346] closeDB : DB 연결해제 성공
